0 info it worked if it ends with ok
1 verbose cli [ 'node', '/usr/local/bin/npm', 'install', '-g', 'scala' ]
2 info using npm@1.4.28
3 info using node@v0.10.32
4 verbose cache add [ 'scala', null ]
5 verbose cache add name=undefined spec="scala" args=["scala",null]
6 verbose parsed url { protocol: null,
6 verbose parsed url   slashes: null,
6 verbose parsed url   auth: null,
6 verbose parsed url   host: null,
6 verbose parsed url   port: null,
6 verbose parsed url   hostname: null,
6 verbose parsed url   hash: null,
6 verbose parsed url   search: null,
6 verbose parsed url   query: null,
6 verbose parsed url   pathname: 'scala',
6 verbose parsed url   path: 'scala',
6 verbose parsed url   href: 'scala' }
7 silly lockFile 54274eda-scala scala
8 verbose lock scala /Users/tonysukiennik/.npm/54274eda-scala.lock
9 silly lockFile 54274eda-scala scala
10 silly lockFile 54274eda-scala scala
11 verbose addNamed [ 'scala', '' ]
12 verbose addNamed [ null, '*' ]
13 silly lockFile affd51ce-scala scala@
14 verbose lock scala@ /Users/tonysukiennik/.npm/affd51ce-scala.lock
15 silly addNameRange { name: 'scala', range: '*', hasData: false }
16 verbose request where is /scala
17 verbose request registry https://registry.npmjs.org/
18 verbose request id 3cb290b6eca30d31
19 verbose url raw /scala
20 verbose url resolving [ 'https://registry.npmjs.org/', './scala' ]
21 verbose url resolved https://registry.npmjs.org/scala
22 verbose request where is https://registry.npmjs.org/scala
23 info trying registry request attempt 1 at 11:20:13
24 http GET https://registry.npmjs.org/scala
25 http 404 https://registry.npmjs.org/scala
26 verbose headers { date: 'Sun, 16 Nov 2014 19:20:15 GMT',
26 verbose headers   server: 'CouchDB/1.5.0 (Erlang OTP/R16B03)',
26 verbose headers   'content-type': 'application/json',
26 verbose headers   'cache-control': 'max-age=0',
26 verbose headers   'content-length': '52',
26 verbose headers   'accept-ranges': 'bytes',
26 verbose headers   via: '1.1 varnish',
26 verbose headers   age: '0',
26 verbose headers   'x-served-by': 'cache-lax1427-LAX',
26 verbose headers   'x-cache': 'MISS',
26 verbose headers   'x-cache-hits': '0',
26 verbose headers   'x-timer': 'S1416165615.757151,VS0,VE76',
26 verbose headers   'keep-alive': 'timeout=10, max=50',
26 verbose headers   connection: 'Keep-Alive' }
27 silly registry.get cb [ 404,
27 silly registry.get   { date: 'Sun, 16 Nov 2014 19:20:15 GMT',
27 silly registry.get     server: 'CouchDB/1.5.0 (Erlang OTP/R16B03)',
27 silly registry.get     'content-type': 'application/json',
27 silly registry.get     'cache-control': 'max-age=0',
27 silly registry.get     'content-length': '52',
27 silly registry.get     'accept-ranges': 'bytes',
27 silly registry.get     via: '1.1 varnish',
27 silly registry.get     age: '0',
27 silly registry.get     'x-served-by': 'cache-lax1427-LAX',
27 silly registry.get     'x-cache': 'MISS',
27 silly registry.get     'x-cache-hits': '0',
27 silly registry.get     'x-timer': 'S1416165615.757151,VS0,VE76',
27 silly registry.get     'keep-alive': 'timeout=10, max=50',
27 silly registry.get     connection: 'Keep-Alive' } ]
28 silly lockFile affd51ce-scala scala@
29 silly lockFile affd51ce-scala scala@
30 error 404 404 Not Found: scala
30 error 404
30 error 404 'scala' is not in the npm registry.
30 error 404 You should bug the author to publish it
30 error 404
30 error 404 Note that you can also install from a
30 error 404 tarball, folder, or http url, or git url.
31 error System Darwin 13.4.0
32 error command "node" "/usr/local/bin/npm" "install" "-g" "scala"
33 error cwd /Users/tonysukiennik/Projects/NodeProjects/swagger-codegen
34 error node -v v0.10.32
35 error npm -v 1.4.28
36 error code E404
37 verbose exit [ 1, true ]
